# JRE version: Java(TM) SE Runtime Environment (8.0_221-b11) (build 1.8.0_221-b11)
# Java VM: Java HotSpot(TM) 64-Bit Server VM (25.221-b11 mixed mode windows-amd64 compressed oops)
Heap:
 PSYoungGen      total 116736K, used 58871K [0x00000000f5580000, 0x0000000100000000, 0x0000000100000000)
  eden space 58880K, 99% used [0x00000000f5580000,0x00000000f8efdd00,0x00000000f8f00000)
  from space 57856K, 0% used [0x00000000fc780000,0x00000000fc780000,0x0000000100000000)
  to   space 57856K, 0% used [0x00000000f8f00000,0x00000000f8f00000,0x00000000fc780000)
 ParOldGen       total 175104K, used 175092K [0x00000000e0000000, 0x00000000eab00000, 0x00000000f5580000)
  object space 175104K, 99% used [0x00000000e0000000,0x00000000eaafd068,0x00000000eab00000)
 Metaspace       used 96761K, capacity 102992K, committed 103384K, reserved 1138688K
  class space    used 13066K, capacity 14430K, committed 14552K, reserved 1048576K
GC Heap History (10 events):
Event: 320.433 GC heap after
Heap after GC invocations=47 (full 11):
 PSYoungGen      total 116736K, used 36026K [0x00000000f5580000, 0x0000000100000000, 0x0000000100000000)
  eden space 58880K, 61% used [0x00000000f5580000,0x00000000f78ae9a8,0x00000000f8f00000)
  from space 57856K, 0% used [0x00000000fc780000,0x00000000fc780000,0x0000000100000000)
  to   space 57856K, 0% used [0x00000000f8f00000,0x00000000f8f00000,0x00000000fc780000)
 ParOldGen       total 175104K, used 175095K [0x00000000e0000000, 0x00000000eab00000, 0x00000000f5580000)
  object space 175104K, 99% used [0x00000000e0000000,0x00000000eaafdc28,0x00000000eab00000)
 Metaspace       used 96756K, capacity 102992K, committed 103384K, reserved 1138688K
  class space    used 13066K, capacity 14430K, committed 14552K, reserved 1048576K
}
Event: 320.534 GC heap before
{Heap before GC invocations=48 (full 12):
 PSYoungGen      total 116736K, used 58880K [0x00000000f5580000, 0x0000000100000000, 0x0000000100000000)
  eden space 58880K, 100% used [0x00000000f5580000,0x00000000f8f00000,0x00000000f8f00000)
  from space 57856K, 0% used [0x00000000fc780000,0x00000000fc780000,0x0000000100000000)
  to   space 57856K, 0% used [0x00000000f8f00000,0x00000000f8f00000,0x00000000fc780000)
 ParOldGen       total 175104K, used 175095K [0x00000000e0000000, 0x00000000eab00000, 0x00000000f5580000)
  object space 175104K, 99% used [0x00000000e0000000,0x00000000eaafdc28,0x00000000eab00000)
 Metaspace       used 96756K, capacity 102992K, committed 103384K, reserved 1138688K
  class space    used 13066K, capacity 14430K, committed 14552K, reserved 1048576K
Event: 321.638 GC heap after
Heap after GC invocations=48 (full 12):
 PSYoungGen      total 116736K, used 39117K [0x00000000f5580000, 0x0000000100000000, 0x0000000100000000)
  eden space 58880K, 66% used [0x00000000f5580000,0x00000000f7bb3540,0x00000000f8f00000)
  from space 57856K, 0% used [0x00000000fc780000,0x00000000fc780000,0x0000000100000000)
  to   space 57856K, 0% used [0x00000000f8f00000,0x00000000f8f00000,0x00000000fc780000)
 ParOldGen       total 175104K, used 175093K [0x00000000e0000000, 0x00000000eab00000, 0x00000000f5580000)
  object space 175104K, 99% used [0x00000000e0000000,0x00000000eaafd6f8,0x00000000eab00000)
 Metaspace       used 96756K, capacity 102992K, committed 103384K, reserved 1138688K
  class space    used 13066K, capacity 14430K, committed 14552K, reserved 1048576K
}
Event: 321.727 GC heap before
{Heap before GC invocations=49 (full 13):
 PSYoungGen      total 116736K, used 58880K [0x00000000f5580000, 0x0000000100000000, 0x0000000100000000)
  eden space 58880K, 100% used [0x00000000f5580000,0x00000000f8f00000,0x00000000f8f00000)
  from space 57856K, 0% used [0x00000000fc780000,0x00000000fc780000,0x0000000100000000)
  to   space 57856K, 0% used [0x00000000f8f00000,0x00000000f8f00000,0x00000000fc780000)
 ParOldGen       total 175104K, used 175093K [0x00000000e0000000, 0x00000000eab00000, 0x00000000f5580000)
  object space 175104K, 99% used [0x00000000e0000000,0x00000000eaafd6f8,0x00000000eab00000)
 Metaspace       used 96757K, capacity 102992K, committed 103384K, reserved 1138688K
  class space    used 13066K, capacity 14430K, committed 14552K, reserved 1048576K
Event: 322.881 GC heap after
Heap after GC invocations=49 (full 13):
 PSYoungGen      total 116736K, used 42054K [0x00000000f5580000, 0x0000000100000000, 0x0000000100000000)
  eden space 58880K, 71% used [0x00000000f5580000,0x00000000f7e91930,0x00000000f8f00000)
  from space 57856K, 0% used [0x00000000fc780000,0x00000000fc780000,0x0000000100000000)
  to   space 57856K, 0% used [0x00000000f8f00000,0x00000000f8f00000,0x00000000fc780000)
 ParOldGen       total 175104K, used 175093K [0x00000000e0000000, 0x00000000eab00000, 0x00000000f5580000)
  object space 175104K, 99% used [0x00000000e0000000,0x00000000eaafd5d0,0x00000000eab00000)
 Metaspace       used 96757K, capacity 102992K, committed 103384K, reserved 1138688K
  class space    used 13066K, capacity 14430K, committed 14552K, reserved 1048576K
}
Event: 322.980 GC heap before
{Heap before GC invocations=50 (full 14):
 PSYoungGen      total 116736K, used 58877K [0x00000000f5580000, 0x0000000100000000, 0x0000000100000000)
  eden space 58880K, 99% used [0x00000000f5580000,0x00000000f8eff440,0x00000000f8f00000)
  from space 57856K, 0% used [0x00000000fc780000,0x00000000fc780000,0x0000000100000000)
  to   space 57856K, 0% used [0x00000000f8f00000,0x00000000f8f00000,0x00000000fc780000)
 ParOldGen       total 175104K, used 175093K [0x00000000e0000000, 0x00000000eab00000, 0x00000000f5580000)
  object space 175104K, 99% used [0x00000000e0000000,0x00000000eaafd5d0,0x00000000eab00000)
 Metaspace       used 96758K, capacity 102992K, committed 103384K, reserved 1138688K
  class space    used 13066K, capacity 14430K, committed 14552K, reserved 1048576K
Event: 324.453 GC heap after
Heap after GC invocations=50 (full 14):
 PSYoungGen      total 116736K, used 44577K [0x00000000f5580000, 0x0000000100000000, 0x0000000100000000)
  eden space 58880K, 75% used [0x00000000f5580000,0x00000000f8108498,0x00000000f8f00000)
  from space 57856K, 0% used [0x00000000fc780000,0x00000000fc780000,0x0000000100000000)
  to   space 57856K, 0% used [0x00000000f8f00000,0x00000000f8f00000,0x00000000fc780000)
 ParOldGen       total 175104K, used 175093K [0x00000000e0000000, 0x00000000eab00000, 0x00000000f5580000)
  object space 175104K, 99% used [0x00000000e0000000,0x00000000eaafd528,0x00000000eab00000)
 Metaspace       used 96758K, capacity 102992K, committed 103384K, reserved 1138688K
  class space    used 13066K, capacity 14430K, committed 14552K, reserved 1048576K
}
Event: 324.558 GC heap before
{Heap before GC invocations=51 (full 15):
 PSYoungGen      total 116736K, used 58880K [0x00000000f5580000, 0x0000000100000000, 0x0000000100000000)
  eden space 58880K, 100% used [0x00000000f5580000,0x00000000f8f00000,0x00000000f8f00000)
  from space 57856K, 0% used [0x00000000fc780000,0x00000000fc780000,0x0000000100000000)
  to   space 57856K, 0% used [0x00000000f8f00000,0x00000000f8f00000,0x00000000fc780000)
 ParOldGen       total 175104K, used 175093K [0x00000000e0000000, 0x00000000eab00000, 0x00000000f5580000)
  object space 175104K, 99% used [0x00000000e0000000,0x00000000eaafd528,0x00000000eab00000)
 Metaspace       used 96760K, capacity 102992K, committed 103384K, reserved 1138688K
  class space    used 13066K, capacity 14430K, committed 14552K, reserved 1048576K
Event: 325.880 GC heap after
Heap after GC invocations=51 (full 15):
 PSYoungGen      total 116736K, used 46424K [0x00000000f5580000, 0x0000000100000000, 0x0000000100000000)
  eden space 58880K, 78% used [0x00000000f5580000,0x00000000f82d6370,0x00000000f8f00000)
  from space 57856K, 0% used [0x00000000fc780000,0x00000000fc780000,0x0000000100000000)
  to   space 57856K, 0% used [0x00000000f8f00000,0x00000000f8f00000,0x00000000fc780000)
 ParOldGen       total 175104K, used 175092K [0x00000000e0000000, 0x00000000eab00000, 0x00000000f5580000)
  object space 175104K, 99% used [0x00000000e0000000,0x00000000eaafd068,0x00000000eab00000)
 Metaspace       used 96760K, capacity 102992K, committed 103384K, reserved 1138688K
  class space    used 13066K, capacity 14430K, committed 14552K, reserved 1048576K
}
Event: 325.986 GC heap before
{Heap before GC invocations=52 (full 16):
 PSYoungGen      total 116736K, used 58871K [0x00000000f5580000, 0x0000000100000000, 0x0000000100000000)
  eden space 58880K, 99% used [0x00000000f5580000,0x00000000f8efdd00,0x00000000f8f00000)
  from space 57856K, 0% used [0x00000000fc780000,0x00000000fc780000,0x0000000100000000)
  to   space 57856K, 0% used [0x00000000f8f00000,0x00000000f8f00000,0x00000000fc780000)
 ParOldGen       total 175104K, used 175092K [0x00000000e0000000, 0x00000000eab00000, 0x00000000f5580000)
  object space 175104K, 99% used [0x00000000e0000000,0x00000000eaafd068,0x00000000eab00000)
 Metaspace       used 96761K, capacity 102992K, committed 103384K, reserved 1138688K
  class space    used 13066K, capacity 14430K, committed 14552K, reserved 1048576K

